<?xml version="1.0" encoding="UTF-8"?>
<testsuite name="zerobase.reservation.service.MemberServiceTest" tests="1" skipped="0" failures="0" errors="0" timestamp="2023-08-22T08:47:30" hostname="YUYA" time="1.831">
  <properties/>
  <testcase name="이메일 형식 오류" classname="zerobase.reservation.service.MemberServiceTest" time="1.831"/>
  <system-out><![CDATA[]]></system-out>
  <system-err><![CDATA[]]></system-err>
</testsuite>
